[2878362.251] (--) Log file renamed from "/home/diak/.local/share/xorg/Xorg.pid-1329.log" to "/home/diak/.local/share/xorg/Xorg.0.log"
[2878362.252] 
X.Org X Server 1.19.6
Release Date: 2017-12-20
[2878362.252] X Protocol Version 11, Revision 0
[2878362.252] Build Operating System: Linux 4.4.0-138-generic x86_64 Ubuntu
[2878362.252] Current Operating System: Linux x201 4.15.0-38-generic #41-Ubuntu SMP Wed Oct 10 10:59:38 UTC 2018 x86_64
[2878362.252] Kernel command line: BOOT_IMAGE=/boot/vmlinuz-4.15.0-38-generic root=/dev/mapper/ubuntu--vg-root ro quiet splash vt.handoff=1
[2878362.252] Build Date: 25 October 2018  04:11:27PM
[2878362.252] xorg-server 2:1.19.6-1ubuntu4.2 (For technical support please see http://www.ubuntu.com/support) 
[2878362.252] Current version of pixman: 0.34.0
[2878362.252] 	Before reporting problems, check http://wiki.x.org
	to make sure that you have the latest version.
[2878362.252] Markers: (--) probed, (**) from config file, (==) default setting,
	(++) from command line, (!!) notice, (II) informational,
	(WW) warning, (EE) error, (NI) not implemented, (??) unknown.
[2878362.252] (==) Log file: "/home/diak/.local/share/xorg/Xorg.0.log", Time: Tue Dec 18 20:16:59 2018
[2878362.253] (==) Using system config directory "/usr/share/X11/xorg.conf.d"
[2878362.254] (==) No Layout section.  Using the first Screen section.
[2878362.254] (==) No screen section available. Using defaults.
[2878362.254] (**) |-->Screen "Default Screen Section" (0)
[2878362.254] (**) |   |-->Monitor "<default monitor>"
[2878362.254] (==) No monitor specified for screen "Default Screen Section".
	Using a default monitor configuration.
[2878362.254] (==) Automatically adding devices
[2878362.254] (==) Automatically enabling devices
[2878362.254] (==) Automatically adding GPU devices
[2878362.254] (==) Automatically binding GPU devices
[2878362.254] (==) Max clients allowed: 256, resource mask: 0x1fffff
[2878362.254] (WW) The directory "/usr/share/fonts/X11/cyrillic" does not exist.
[2878362.254] 	Entry deleted from font path.
[2878362.254] (WW) The directory "/usr/share/fonts/X11/100dpi/" does not exist.
[2878362.254] 	Entry deleted from font path.
[2878362.255] (WW) The directory "/usr/share/fonts/X11/75dpi/" does not exist.
[2878362.255] 	Entry deleted from font path.
[2878362.255] (WW) The directory "/usr/share/fonts/X11/100dpi" does not exist.
[2878362.255] 	Entry deleted from font path.
[2878362.255] (WW) The directory "/usr/share/fonts/X11/75dpi" does not exist.
[2878362.255] 	Entry deleted from font path.
[2878362.255] (==) FontPath set to:
	/usr/share/fonts/X11/misc,
	/usr/share/fonts/X11/Type1,
	built-ins
[2878362.255] (==) ModulePath set to "/usr/lib/xorg/modules"
[2878362.255] (II) The server relies on udev to provide the list of input devices.
	If no devices become available, reconfigure udev or disable AutoAddDevices.
[2878362.255] (II) Loader magic: 0x55ee5aecc020
[2878362.255] (II) Module ABI versions:
[2878362.255] 	X.Org ANSI C Emulation: 0.4
[2878362.255] 	X.Org Video Driver: 23.0
[2878362.255] 	X.Org XInput driver : 24.1
[2878362.255] 	X.Org Server Extension : 10.0
[2878362.256] (++) using VT number 2

[2878362.260] (II) systemd-logind: took control of session /org/freedesktop/login1/session/_3912
[2878362.261] (II) xfree86: Adding drm device (/dev/dri/card0)
[2878362.262] (II) systemd-logind: got fd for /dev/dri/card0 226:0 fd 12 paused 0
[2878362.268] (--) PCI:*(0:0:2:0) 8086:0046:17aa:215a rev 2, Mem @ 0xf2000000/4194304, 0xd0000000/268435456, I/O @ 0x00001800/8, BIOS @ 0x????????/131072
[2878362.268] (II) LoadModule: "glx"
[2878362.269] (II) Loading /usr/lib/xorg/modules/extensions/libglx.so
[2878362.271] (II) Module glx: vendor="X.Org Foundation"
[2878362.271] 	compiled for 1.19.6, module version = 1.0.0
[2878362.271] 	ABI class: X.Org Server Extension, version 10.0
[2878362.271] (==) Matched modesetting as autoconfigured driver 0
[2878362.271] (==) Matched fbdev as autoconfigured driver 1
[2878362.271] (==) Matched vesa as autoconfigured driver 2
[2878362.271] (==) Assigned the driver to the xf86ConfigLayout
[2878362.271] (II) LoadModule: "modesetting"
[2878362.272] (II) Loading /usr/lib/xorg/modules/drivers/modesetting_drv.so
[2878362.272] (II) Module modesetting: vendor="X.Org Foundation"
[2878362.272] 	compiled for 1.19.6, module version = 1.19.6
[2878362.272] 	Module class: X.Org Video Driver
[2878362.272] 	ABI class: X.Org Video Driver, version 23.0
[2878362.272] (II) LoadModule: "fbdev"
[2878362.273] (II) Loading /usr/lib/xorg/modules/drivers/fbdev_drv.so
[2878362.273] (II) Module fbdev: vendor="X.Org Foundation"
[2878362.273] 	compiled for 1.19.3, module version = 0.4.4
[2878362.273] 	Module class: X.Org Video Driver
[2878362.273] 	ABI class: X.Org Video Driver, version 23.0
[2878362.273] (II) LoadModule: "vesa"
[2878362.273] (II) Loading /usr/lib/xorg/modules/drivers/vesa_drv.so
[2878362.274] (II) Module vesa: vendor="X.Org Foundation"
[2878362.274] 	compiled for 1.19.3, module version = 2.3.4
[2878362.274] 	Module class: X.Org Video Driver
[2878362.274] 	ABI class: X.Org Video Driver, version 23.0
[2878362.274] (II) modesetting: Driver for Modesetting Kernel Drivers: kms
[2878362.274] (II) FBDEV: driver for framebuffer: fbdev
[2878362.274] (II) VESA: driver for VESA chipsets: vesa
[2878362.274] xf86EnableIOPorts: failed to set IOPL for I/O (Operation not permitted)
[2878362.274] (II) modeset(0): using drv /dev/dri/card0
[2878362.274] (WW) Falling back to old probe method for fbdev
[2878362.274] (II) Loading sub module "fbdevhw"
[2878362.274] (II) LoadModule: "fbdevhw"
[2878362.275] (II) Loading /usr/lib/xorg/modules/libfbdevhw.so
[2878362.275] (II) Module fbdevhw: vendor="X.Org Foundation"
[2878362.275] 	compiled for 1.19.6, module version = 0.0.2
[2878362.275] 	ABI class: X.Org Video Driver, version 23.0
[2878362.275] (EE) open /dev/fb0: Permission denied
[2878362.275] (WW) Falling back to old probe method for vesa
[2878362.275] (WW) VGA arbiter: cannot open kernel arbiter, no multi-card support
[2878362.275] (II) modeset(0): Creating default Display subsection in Screen section
	"Default Screen Section" for depth/fbbpp 24/32
[2878362.275] (==) modeset(0): Depth 24, (==) framebuffer bpp 32
[2878362.275] (==) modeset(0): RGB weight 888
[2878362.275] (==) modeset(0): Default visual is TrueColor
[2878362.275] (II) Loading sub module "glamoregl"
[2878362.275] (II) LoadModule: "glamoregl"
[2878362.275] (II) Loading /usr/lib/xorg/modules/libglamoregl.so
[2878362.280] (II) Module glamoregl: vendor="X.Org Foundation"
[2878362.280] 	compiled for 1.19.6, module version = 1.0.0
[2878362.280] 	ABI class: X.Org ANSI C Emulation, version 0.4
[2878362.281] (II) glamor: OpenGL accelerated X.org driver based.
[2878362.296] (II) glamor: EGL version 1.4 (DRI2):
[2878362.302] (II) modeset(0): glamor initialized
[2878362.302] (II) modeset(0): Output LVDS-1 has no monitor section
[2878362.340] (II) modeset(0): Output VGA-1 has no monitor section
[2878362.348] (II) modeset(0): Output HDMI-1 has no monitor section
[2878362.348] (II) modeset(0): Output DP-1 has no monitor section
[2878362.359] (II) modeset(0): EDID for output LVDS-1
[2878362.359] (II) modeset(0): Manufacturer: LEN  Model: 4011  Serial#: 0
[2878362.359] (II) modeset(0): Year: 2009  Week: 1
[2878362.359] (II) modeset(0): EDID Version: 1.3
[2878362.359] (II) modeset(0): Digital Display Input
[2878362.359] (II) modeset(0): Max Image Size [cm]: horiz.: 26  vert.: 16
[2878362.359] (II) modeset(0): Gamma: 2.20
[2878362.359] (II) modeset(0): DPMS capabilities: StandBy Suspend Off
[2878362.359] (II) modeset(0): Supported color encodings: RGB 4:4:4 YCrCb 4:4:4 
[2878362.359] (II) modeset(0): First detailed timing is preferred mode
[2878362.359] (II) modeset(0): redX: 0.560 redY: 0.350   greenX: 0.345 greenY: 0.560
[2878362.359] (II) modeset(0): blueX: 0.150 blueY: 0.105   whiteX: 0.313 whiteY: 0.329
[2878362.359] (II) modeset(0): Manufacturer's mask: 0
[2878362.359] (II) modeset(0): Supported detailed timing:
[2878362.359] (II) modeset(0): clock: 69.3 MHz   Image Size:  261 x 163 mm
[2878362.359] (II) modeset(0): h_active: 1280  h_sync: 1328  h_sync_end 1360 h_blank_end 1403 h_border: 0
[2878362.359] (II) modeset(0): v_active: 800  v_sync: 803  v_sync_end 809 v_blanking: 821 v_border: 0
[2878362.359] (II) modeset(0): Supported detailed timing:
[2878362.359] (II) modeset(0): clock: 57.6 MHz   Image Size:  261 x 163 mm
[2878362.359] (II) modeset(0): h_active: 1280  h_sync: 1328  h_sync_end 1360 h_blank_end 1403 h_border: 0
[2878362.359] (II) modeset(0): v_active: 800  v_sync: 803  v_sync_end 809 v_blanking: 821 v_border: 0
[2878362.359] (II) modeset(0): Unknown vendor-specific block f
[2878362.359] (II) modeset(0):  B121EW09 V3
[2878362.359] (II) modeset(0): EDID (in hex):
[2878362.359] (II) modeset(0): 	00ffffffffffff0030ae114000000000
[2878362.359] (II) modeset(0): 	01130103801a1078ea65858f59588f26
[2878362.359] (II) modeset(0): 	1b505400000001010101010101010101
[2878362.359] (II) modeset(0): 	010101010101121b007b502015303020
[2878362.360] (II) modeset(0): 	360005a3100000187f16007b50201530
[2878362.360] (II) modeset(0): 	3020360005a3100000180000000f0081
[2878362.360] (II) modeset(0): 	0a3c810a3216090006af5633000000fe
[2878362.360] (II) modeset(0): 	004231323145573039205633200a009b
[2878362.360] (II) modeset(0): Printing probed modes for output LVDS-1
[2878362.360] (II) modeset(0): Modeline "1280x800"x60.2   69.30  1280 1328 1360 1403  800 803 809 821 -hsync -vsync (49.4 kHz eP)
[2878362.360] (II) modeset(0): Modeline "1280x800"x120.0  174.25  1280 1380 1516 1752  800 801 804 829 doublescan -hsync +vsync (99.5 kHz d)
[2878362.360] (II) modeset(0): Modeline "1280x800"x119.9  134.25  1280 1304 1320 1360  800 801 804 823 doublescan +hsync -vsync (98.7 kHz d)
[2878362.360] (II) modeset(0): Modeline "1280x800"x59.8   83.50  1280 1352 1480 1680  800 803 809 831 -hsync +vsync (49.7 kHz d)
[2878362.360] (II) modeset(0): Modeline "1280x800"x59.9   71.00  1280 1328 1360 1440  800 803 809 823 +hsync -vsync (49.3 kHz d)
[2878362.360] (II) modeset(0): Modeline "1280x800"x50.0   57.59  1280 1328 1360 1403  800 803 809 821 -hsync -vsync (41.0 kHz e)
[2878362.360] (II) modeset(0): Modeline "1280x720"x120.0  156.12  1280 1376 1512 1744  720 721 724 746 doublescan -hsync +vsync (89.5 kHz d)
[2878362.360] (II) modeset(0): Modeline "1280x720"x120.0  120.75  1280 1304 1320 1360  720 721 724 740 doublescan +hsync -vsync (88.8 kHz d)
[2878362.360] (II) modeset(0): Modeline "1280x720"x59.9   74.50  1280 1344 1472 1664  720 723 728 748 -hsync +vsync (44.8 kHz d)
[2878362.360] (II) modeset(0): Modeline "1280x720"x59.7   63.75  1280 1328 1360 1440  720 723 728 741 +hsync -vsync (44.3 kHz d)
[2878362.360] (II) modeset(0): Modeline "1024x768"x120.1  133.47  1024 1100 1212 1400  768 768 770 794 doublescan -hsync +vsync (95.3 kHz d)
[2878362.360] (II) modeset(0): Modeline "1024x768"x60.0   65.00  1024 1048 1184 1344  768 771 777 806 -hsync -vsync (48.4 kHz d)
[2878362.360] (II) modeset(0): Modeline "960x720"x120.0  117.00  960 1024 1128 1300  720 720 722 750 doublescan -hsync +vsync (90.0 kHz d)
[2878362.360] (II) modeset(0): Modeline "928x696"x120.1  109.15  928 976 1088 1264  696 696 698 719 doublescan -hsync +vsync (86.4 kHz d)
[2878362.360] (II) modeset(0): Modeline "896x672"x120.0  102.40  896 960 1060 1224  672 672 674 697 doublescan -hsync +vsync (83.7 kHz d)
[2878362.360] (II) modeset(0): Modeline "1024x576"x119.9   98.50  1024 1092 1200 1376  576 577 580 597 doublescan -hsync +vsync (71.6 kHz d)
[2878362.361] (II) modeset(0): Modeline "1024x576"x119.9   78.38  1024 1048 1064 1104  576 577 580 592 doublescan +hsync -vsync (71.0 kHz d)
[2878362.361] (II) modeset(0): Modeline "1024x576"x59.9   46.50  1024 1064 1160 1296  576 579 584 599 -hsync +vsync (35.9 kHz d)
[2878362.361] (II) modeset(0): Modeline "1024x576"x59.8   42.00  1024 1072 1104 1184  576 579 584 593 +hsync -vsync (35.5 kHz d)
[2878362.361] (II) modeset(0): Modeline "960x600"x119.9   96.62  960 1028 1128 1296  600 601 604 622 doublescan -hsync +vsync (74.6 kHz d)
[2878362.361] (II) modeset(0): Modeline "960x600"x120.0   77.00  960 984 1000 1040  600 601 604 617 doublescan +hsync -vsync (74.0 kHz d)
[2878362.361] (II) modeset(0): Modeline "960x540"x119.9   86.50  960 1024 1124 1288  540 541 544 560 doublescan -hsync +vsync (67.2 kHz d)
[2878362.361] (II) modeset(0): Modeline "960x540"x120.0   69.25  960 984 1000 1040  540 541 544 555 doublescan +hsync -vsync (66.6 kHz d)
[2878362.361] (II) modeset(0): Modeline "960x540"x59.6   40.75  960 992 1088 1216  540 543 548 562 -hsync +vsync (33.5 kHz d)
[2878362.361] (II) modeset(0): Modeline "960x540"x59.8   37.25  960 1008 1040 1120  540 543 548 556 +hsync -vsync (33.3 kHz d)
[2878362.361] (II) modeset(0): Modeline "800x600"x120.0   81.00  800 832 928 1080  600 600 602 625 doublescan +hsync +vsync (75.0 kHz d)
[2878362.361] (II) modeset(0): Modeline "800x600"x60.3   40.00  800 840 968 1056  600 601 605 628 +hsync +vsync (37.9 kHz d)
[2878362.361] (II) modeset(0): Modeline "800x600"x56.2   36.00  800 824 896 1024  600 601 603 625 +hsync +vsync (35.2 kHz d)
[2878362.361] (II) modeset(0): Modeline "840x525"x120.0   73.12  840 892 980 1120  525 526 529 544 doublescan -hsync +vsync (65.3 kHz d)
[2878362.361] (II) modeset(0): Modeline "840x525"x119.8   59.50  840 864 880 920  525 526 529 540 doublescan +hsync -vsync (64.7 kHz d)
[2878362.361] (II) modeset(0): Modeline "864x486"x59.9   32.50  864 888 968 1072  486 489 494 506 -hsync +vsync (30.3 kHz d)
[2878362.361] (II) modeset(0): Modeline "864x486"x59.6   30.50  864 912 944 1024  486 489 494 500 +hsync -vsync (29.8 kHz d)
[2878362.361] (II) modeset(0): Modeline "800x512"x120.3   51.56  800 800 828 832  512 512 514 515 doublescan +hsync +vsync (62.0 kHz d)
[2878362.361] (II) modeset(0): Modeline "700x525"x120.0   61.00  700 744 820 940  525 526 532 541 doublescan +hsync +vsync (64.9 kHz d)
[2878362.361] (II) modeset(0): Modeline "800x450"x119.9   59.12  800 848 928 1056  450 451 454 467 doublescan -hsync +vsync (56.0 kHz d)
[2878362.361] (II) modeset(0): Modeline "800x450"x119.6   48.75  800 824 840 880  450 451 454 463 doublescan +hsync -vsync (55.4 kHz d)
[2878362.361] (II) modeset(0): Modeline "640x512"x120.0   54.00  640 664 720 844  512 512 514 533 doublescan +hsync +vsync (64.0 kHz d)
[2878362.361] (II) modeset(0): Modeline "720x450"x119.8   53.25  720 760 836 952  450 451 454 467 doublescan -hsync +vsync (55.9 kHz d)
[2878362.361] (II) modeset(0): Modeline "700x450"x119.9   51.75  700 740 812 924  450 451 456 467 doublescan -hsync +vsync (56.0 kHz d)
[2878362.361] (II) modeset(0): Modeline "700x450"x119.8   43.25  700 724 740 780  450 451 456 463 doublescan +hsync -vsync (55.4 kHz d)
[2878362.361] (II) modeset(0): Modeline "640x480"x120.0   54.00  640 688 744 900  480 480 482 500 doublescan +hsync +vsync (60.0 kHz d)
[2878362.361] (II) modeset(0): Modeline "640x480"x59.9   25.18  640 656 752 800  480 490 492 525 -hsync -vsync (31.5 kHz d)
[2878362.361] (II) modeset(0): Modeline "720x405"x59.5   22.50  720 744 808 896  405 408 413 422 -hsync +vsync (25.1 kHz d)
[2878362.361] (II) modeset(0): Modeline "720x405"x59.0   21.75  720 768 800 880  405 408 413 419 +hsync -vsync (24.7 kHz d)
[2878362.361] (II) modeset(0): Modeline "684x384"x119.8   42.62  684 720 788 892  384 385 390 399 doublescan -hsync +vsync (47.8 kHz d)
[2878362.361] (II) modeset(0): Modeline "684x384"x119.7   36.12  684 708 724 764  384 385 390 395 doublescan +hsync -vsync (47.3 kHz d)
[2878362.361] (II) modeset(0): Modeline "680x384"x119.6   42.38  680 716 784 888  384 385 390 399 doublescan -hsync +vsync (47.7 kHz d)
[2878362.361] (II) modeset(0): Modeline "680x384"x119.9   36.00  680 704 720 760  384 385 390 395 doublescan +hsync -vsync (47.4 kHz d)
[2878362.361] (II) modeset(0): Modeline "640x400"x119.8   41.75  640 676 740 840  400 401 404 415 doublescan -hsync +vsync (49.7 kHz d)
[2878362.361] (II) modeset(0): Modeline "640x400"x120.0   35.50  640 664 680 720  400 401 404 411 doublescan +hsync -vsync (49.3 kHz d)
[2878362.361] (II) modeset(0): Modeline "576x432"x120.1   40.81  576 608 668 760  432 432 434 447 doublescan -hsync +vsync (53.7 kHz d)
[2878362.361] (II) modeset(0): Modeline "640x360"x119.7   37.25  640 672 736 832  360 361 364 374 doublescan -hsync +vsync (44.8 kHz d)
[2878362.361] (II) modeset(0): Modeline "640x360"x119.7   31.88  640 664 680 720  360 361 364 370 doublescan +hsync -vsync (44.3 kHz d)
[2878362.361] (II) modeset(0): Modeline "640x360"x59.8   18.00  640 664 720 800  360 363 368 376 -hsync +vsync (22.5 kHz d)
[2878362.361] (II) modeset(0): Modeline "640x360"x59.3   17.75  640 688 720 800  360 363 368 374 +hsync -vsync (22.2 kHz d)
[2878362.361] (II) modeset(0): Modeline "512x384"x120.0   32.50  512 524 592 672  384 385 388 403 doublescan -hsync -vsync (48.4 kHz d)
[2878362.361] (II) modeset(0): Modeline "512x288"x120.0   23.25  512 532 580 648  288 289 292 299 doublescan -hsync +vsync (35.9 kHz d)
[2878362.361] (II) modeset(0): Modeline "512x288"x119.8   21.00  512 536 552 592  288 289 292 296 doublescan +hsync -vsync (35.5 kHz d)
[2878362.362] (II) modeset(0): Modeline "480x270"x119.3   20.38  480 496 544 608  270 271 274 281 doublescan -hsync +vsync (33.5 kHz d)
[2878362.362] (II) modeset(0): Modeline "480x270"x119.6   18.62  480 504 520 560  270 271 274 278 doublescan +hsync -vsync (33.3 kHz d)
[2878362.362] (II) modeset(0): Modeline "400x300"x120.6   20.00  400 420 484 528  300 300 302 314 doublescan +hsync +vsync (37.9 kHz d)
[2878362.362] (II) modeset(0): Modeline "400x300"x112.7   18.00  400 412 448 512  300 300 301 312 doublescan +hsync +vsync (35.2 kHz d)
[2878362.362] (II) modeset(0): Modeline "432x243"x119.8   16.25  432 444 484 536  243 244 247 253 doublescan -hsync +vsync (30.3 kHz d)
[2878362.362] (II) modeset(0): Modeline "432x243"x119.1   15.25  432 456 472 512  243 244 247 250 doublescan +hsync -vsync (29.8 kHz d)
[2878362.362] (II) modeset(0): Modeline "320x240"x120.1   12.59  320 328 376 400  240 245 246 262 doublescan -hsync -vsync (31.5 kHz d)
[2878362.362] (II) modeset(0): Modeline "360x202"x119.0   11.25  360 372 404 448  202 204 206 211 doublescan -hsync +vsync (25.1 kHz d)
[2878362.362] (II) modeset(0): Modeline "360x202"x118.3   10.88  360 384 400 440  202 204 206 209 doublescan +hsync -vsync (24.7 kHz d)
[2878362.362] (II) modeset(0): Modeline "320x180"x119.7    9.00  320 332 360 400  180 181 184 188 doublescan -hsync +vsync (22.5 kHz d)
[2878362.362] (II) modeset(0): Modeline "320x180"x118.6    8.88  320 344 360 400  180 181 184 187 doublescan +hsync -vsync (22.2 kHz d)
[2878362.400] (II) modeset(0): EDID for output VGA-1
[2878362.400] (II) modeset(0): Manufacturer: SAM  Model: 6a2  Serial#: 1497648202
[2878362.400] (II) modeset(0): Year: 2011  Week: 2
[2878362.400] (II) modeset(0): EDID Version: 1.3
[2878362.400] (II) modeset(0): Analog Display Input,  Input Voltage Level: 0.700/0.300 V
[2878362.400] (II) modeset(0): Sync:  Separate  Composite  SyncOnGreen
[2878362.400] (II) modeset(0): Max Image Size [cm]: horiz.: 48  vert.: 27
[2878362.400] (II) modeset(0): Gamma: 2.20
[2878362.400] (II) modeset(0): DPMS capabilities: Off; RGB/Color Display
[2878362.400] (II) modeset(0): First detailed timing is preferred mode
[2878362.400] (II) modeset(0): redX: 0.649 redY: 0.335   greenX: 0.283 greenY: 0.605
[2878362.400] (II) modeset(0): blueX: 0.151 blueY: 0.073   whiteX: 0.312 whiteY: 0.329
[2878362.400] (II) modeset(0): Supported established timings:
[2878362.400] (II) modeset(0): 720x400@70Hz
[2878362.400] (II) modeset(0): 640x480@60Hz
[2878362.400] (II) modeset(0): 640x480@67Hz
[2878362.400] (II) modeset(0): 640x480@72Hz
[2878362.400] (II) modeset(0): 640x480@75Hz
[2878362.400] (II) modeset(0): 800x600@56Hz
[2878362.400] (II) modeset(0): 800x600@60Hz
[2878362.400] (II) modeset(0): 800x600@72Hz
[2878362.400] (II) modeset(0): 800x600@75Hz
[2878362.400] (II) modeset(0): 832x624@75Hz
[2878362.400] (II) modeset(0): 1024x768@60Hz
[2878362.401] (II) modeset(0): 1024x768@70Hz
[2878362.401] (II) modeset(0): 1024x768@75Hz
[2878362.401] (II) modeset(0): 1280x1024@75Hz
[2878362.401] (II) modeset(0): 1152x864@75Hz
[2878362.401] (II) modeset(0): Manufacturer's mask: 0
[2878362.401] (II) modeset(0): Supported standard timings:
[2878362.401] (II) modeset(0): #0: hsize: 1152  vsize 864  refresh: 75  vid: 20337
[2878362.401] (II) modeset(0): #1: hsize: 1280  vsize 800  refresh: 60  vid: 129
[2878362.401] (II) modeset(0): #2: hsize: 1280  vsize 960  refresh: 60  vid: 16513
[2878362.401] (II) modeset(0): #3: hsize: 1280  vsize 1024  refresh: 60  vid: 32897
[2878362.401] (II) modeset(0): #4: hsize: 1440  vsize 900  refresh: 60  vid: 149
[2878362.401] (II) modeset(0): #5: hsize: 1440  vsize 900  refresh: 75  vid: 3989
[2878362.401] (II) modeset(0): #6: hsize: 1600  vsize 1200  refresh: 60  vid: 16553
[2878362.401] (II) modeset(0): #7: hsize: 1680  vsize 1050  refresh: 60  vid: 179
[2878362.401] (II) modeset(0): Supported detailed timing:
[2878362.401] (II) modeset(0): clock: 148.5 MHz   Image Size:  477 x 268 mm
[2878362.401] (II) modeset(0): h_active: 1920  h_sync: 2008  h_sync_end 2052 h_blank_end 2200 h_border: 0
[2878362.401] (II) modeset(0): v_active: 1080  v_sync: 1084  v_sync_end 1089 v_blanking: 1125 v_border: 0
[2878362.401] (II) modeset(0): Ranges: V min: 56 V max: 75 Hz, H min: 31 H max: 80 kHz, PixClock max 175 MHz
[2878362.401] (II) modeset(0): Monitor name: SMB2220N
[2878362.401] (II) modeset(0): Serial No: HVJB100085
[2878362.401] (II) modeset(0): EDID (in hex):
[2878362.401] (II) modeset(0): 	00ffffffffffff004c2da2064a4c4459
[2878362.401] (II) modeset(0): 	021501030e301b782a78f1a655489b26
[2878362.401] (II) modeset(0): 	125054bfef80714f8100814081809500
[2878362.401] (II) modeset(0): 	950fa940b300023a801871382d40582c
[2878362.401] (II) modeset(0): 	4500dd0c1100001e000000fd00384b1f
[2878362.401] (II) modeset(0): 	5011000a202020202020000000fc0053
[2878362.401] (II) modeset(0): 	4d42323232304e0a20202020000000ff
[2878362.401] (II) modeset(0): 	0048564a423130303038350a202000c1
[2878362.401] (II) modeset(0): Printing probed modes for output VGA-1
[2878362.401] (II) modeset(0): Modeline "1920x1080"x60.0  148.50  1920 2008 2052 2200  1080 1084 1089 1125 +hsync +vsync (67.5 kHz eP)
[2878362.401] (II) modeset(0): Modeline "1600x1200"x60.0  162.00  1600 1664 1856 2160  1200 1201 1204 1250 +hsync +vsync (75.0 kHz e)
[2878362.401] (II) modeset(0): Modeline "1680x1050"x60.0  146.25  1680 1784 1960 2240  1050 1053 1059 1089 -hsync +vsync (65.3 kHz e)
[2878362.401] (II) modeset(0): Modeline "1280x1024"x75.0  135.00  1280 1296 1440 1688  1024 1025 1028 1066 +hsync +vsync (80.0 kHz e)
[2878362.401] (II) modeset(0): Modeline "1280x1024"x60.0  108.00  1280 1328 1440 1688  1024 1025 1028 1066 +hsync +vsync (64.0 kHz e)
[2878362.401] (II) modeset(0): Modeline "1440x900"x75.0  136.75  1440 1536 1688 1936  900 903 909 942 -hsync +vsync (70.6 kHz e)
[2878362.401] (II) modeset(0): Modeline "1440x900"x59.9  106.50  1440 1520 1672 1904  900 903 909 934 -hsync +vsync (55.9 kHz e)
[2878362.401] (II) modeset(0): Modeline "1280x960"x60.0  108.00  1280 1376 1488 1800  960 961 964 1000 +hsync +vsync (60.0 kHz e)
[2878362.401] (II) modeset(0): Modeline "1280x800"x59.8   83.50  1280 1352 1480 1680  800 803 809 831 -hsync +vsync (49.7 kHz e)
[2878362.402] (II) modeset(0): Modeline "1152x864"x75.0  108.00  1152 1216 1344 1600  864 865 868 900 +hsync +vsync (67.5 kHz e)
[2878362.402] (II) modeset(0): Modeline "1024x768"x75.0   78.75  1024 1040 1136 1312  768 769 772 800 +hsync +vsync (60.0 kHz e)
[2878362.402] (II) modeset(0): Modeline "1024x768"x70.1   75.00  1024 1048 1184 1328  768 771 777 806 -hsync -vsync (56.5 kHz e)
[2878362.402] (II) modeset(0): Modeline "1024x768"x60.0   65.00  1024 1048 1184 1344  768 771 777 806 -hsync -vsync (48.4 kHz e)
[2878362.402] (II) modeset(0): Modeline "832x624"x74.6   57.28  832 864 928 1152  624 625 628 667 -hsync -vsync (49.7 kHz e)
[2878362.402] (II) modeset(0): Modeline "800x600"x72.2   50.00  800 856 976 1040  600 637 643 666 +hsync +vsync (48.1 kHz e)
[2878362.402] (II) modeset(0): Modeline "800x600"x75.0   49.50  800 816 896 1056  600 601 604 625 +hsync +vsync (46.9 kHz e)
[2878362.402] (II) modeset(0): Modeline "800x600"x60.3   40.00  800 840 968 1056  600 601 605 628 +hsync +vsync (37.9 kHz e)
[2878362.402] (II) modeset(0): Modeline "800x600"x56.2   36.00  800 824 896 1024  600 601 603 625 +hsync +vsync (35.2 kHz e)
[2878362.402] (II) modeset(0): Modeline "640x480"x75.0   31.50  640 656 720 840  480 481 484 500 -hsync -vsync (37.5 kHz e)
[2878362.402] (II) modeset(0): Modeline "640x480"x72.8   31.50  640 664 704 832  480 489 492 520 -hsync -vsync (37.9 kHz e)
[2878362.402] (II) modeset(0): Modeline "640x480"x66.7   30.24  640 704 768 864  480 483 486 525 -hsync -vsync (35.0 kHz e)
[2878362.402] (II) modeset(0): Modeline "640x480"x59.9   25.18  640 656 752 800  480 490 492 525 -hsync -vsync (31.5 kHz e)
[2878362.402] (II) modeset(0): Modeline "720x400"x70.1   28.32  720 738 846 900  400 412 414 449 -hsync +vsync (31.5 kHz e)
[2878362.410] (II) modeset(0): EDID for output HDMI-1
[2878362.410] (II) modeset(0): EDID for output DP-1
[2878362.410] (II) modeset(0): Output LVDS-1 connected
[2878362.410] (II) modeset(0): Output VGA-1 connected
[2878362.410] (II) modeset(0): Output HDMI-1 disconnected
[2878362.410] (II) modeset(0): Output DP-1 disconnected
[2878362.410] (II) modeset(0): Using spanning desktop for initial modes
[2878362.410] (II) modeset(0): Output LVDS-1 using initial mode 1280x800 +0+0
[2878362.410] (II) modeset(0): Output VGA-1 using initial mode 1920x1080 +1280+0
[2878362.410] (==) modeset(0): Using gamma correction (1.0, 1.0, 1.0)
[2878362.410] (==) modeset(0): DPI set to (96, 96)
[2878362.410] (II) Loading sub module "fb"
[2878362.410] (II) LoadModule: "fb"
[2878362.410] (II) Loading /usr/lib/xorg/modules/libfb.so
[2878362.411] (II) Module fb: vendor="X.Org Foundation"
[2878362.411] 	compiled for 1.19.6, module version = 1.0.0
[2878362.411] 	ABI class: X.Org ANSI C Emulation, version 0.4
[2878362.411] (II) UnloadModule: "fbdev"
[2878362.411] (II) Unloading fbdev
[2878362.411] (II) UnloadSubModule: "fbdevhw"
[2878362.411] (II) Unloading fbdevhw
[2878362.411] (II) UnloadModule: "vesa"
[2878362.411] (II) Unloading vesa
[2878362.411] (==) Depth 24 pixmap format is 32 bpp
[2878362.522] (==) modeset(0): Backing store enabled
[2878362.522] (==) modeset(0): Silken mouse enabled
[2878362.522] (II) modeset(0): RandR 1.2 enabled, ignore the following RandR disabled message.
[2878362.554] (==) modeset(0): DPMS enabled
[2878362.554] (II) modeset(0): [DRI2] Setup complete
[2878362.554] (II) modeset(0): [DRI2]   DRI driver: i965
[2878362.554] (II) modeset(0): [DRI2]   VDPAU driver: i965
[2878362.554] (--) RandR disabled
[2878362.559] (II) SELinux: Disabled on system
[2878362.573] (II) AIGLX: enabled GLX_MESA_copy_sub_buffer
[2878362.573] (II) AIGLX: enabled GLX_ARB_create_context
[2878362.573] (II) AIGLX: enabled GLX_ARB_create_context_profile
[2878362.573] (II) AIGLX: enabled GLX_EXT_create_context_es{,2}_profile
[2878362.573] (II) AIGLX: enabled GLX_INTEL_swap_event
[2878362.573] (II) AIGLX: enabled GLX_SGI_swap_control
[2878362.573] (II) AIGLX: enabled GLX_EXT_framebuffer_sRGB
[2878362.573] (II) AIGLX: enabled GLX_ARB_fbconfig_float
[2878362.573] (II) AIGLX: enabled GLX_EXT_fbconfig_packed_float
[2878362.573] (II) AIGLX: GLX_EXT_texture_from_pixmap backed by buffer objects
[2878362.573] (II) AIGLX: Loaded and initialized i965
[2878362.573] (II) GLX: Initialized DRI2 GL provider for screen 0
[2878362.575] (II) modeset(0): Damage tracking initialized
[2878362.575] (II) modeset(0): Setting screen physical size to 846 x 285
[2878362.636] (II) config/udev: Adding input device Power Button (/dev/input/event2)
[2878362.636] (**) Power Button: Applying InputClass "libinput keyboard catchall"
[2878362.636] (II) LoadModule: "libinput"
[2878362.636] (II) Loading /usr/lib/xorg/modules/input/libinput_drv.so
[2878362.639] (II) Module libinput: vendor="X.Org Foundation"
[2878362.639] 	compiled for 1.19.6, module version = 0.27.1
[2878362.639] 	Module class: X.Org XInput Driver
[2878362.639] 	ABI class: X.Org XInput driver, version 24.1
[2878362.639] (II) Using input driver 'libinput' for 'Power Button'
[2878362.640] (II) systemd-logind: got fd for /dev/input/event2 13:66 fd 21 paused 0
[2878362.640] (**) Power Button: always reports core events
[2878362.641] (**) Option "Device" "/dev/input/event2"
[2878362.641] (**) Option "_source" "server/udev"
[2878362.642] (II) event2  - Power Button: is tagged by udev as: Keyboard
[2878362.642] (II) event2  - Power Button: device is a keyboard
[2878362.642] (II) event2  - Power Button: device removed
[2878362.642] (**) Option "config_info" "udev:/sys/devices/LNXSYSTM:00/LNXPWRBN:00/input/input2/event2"
[2878362.642] (II) XINPUT: Adding extended input device "Power Button" (type: KEYBOARD, id 6)
[2878362.642] (**) Option "xkb_model" "pc105"
[2878362.642] (**) Option "xkb_layout" "hu"
[2878362.676] (II) event2  - Power Button: is tagged by udev as: Keyboard
[2878362.676] (II) event2  - Power Button: device is a keyboard
[2878362.676] (II) config/udev: Adding input device Video Bus (/dev/input/event6)
[2878362.677] (**) Video Bus: Applying InputClass "libinput keyboard catchall"
[2878362.677] (II) Using input driver 'libinput' for 'Video Bus'
[2878362.678] (II) systemd-logind: got fd for /dev/input/event6 13:70 fd 24 paused 0
[2878362.678] (**) Video Bus: always reports core events
[2878362.678] (**) Option "Device" "/dev/input/event6"
[2878362.678] (**) Option "_source" "server/udev"
[2878362.678] (II) event6  - Video Bus: is tagged by udev as: Keyboard
[2878362.678] (II) event6  - Video Bus: device is a keyboard
[2878362.678] (II) event6  - Video Bus: device removed
[2878362.678] (**) Option "config_info" "udev:/sys/devices/LNXSYSTM:00/LNXSYBUS:00/PNP0A08:00/LNXVIDEO:00/input/input8/event6"
[2878362.679] (II) XINPUT: Adding extended input device "Video Bus" (type: KEYBOARD, id 7)
[2878362.679] (**) Option "xkb_model" "pc105"
[2878362.679] (**) Option "xkb_layout" "hu"
[2878362.679] (II) event6  - Video Bus: is tagged by udev as: Keyboard
[2878362.679] (II) event6  - Video Bus: device is a keyboard
[2878362.680] (II) config/udev: Adding input device Lid Switch (/dev/input/event0)
[2878362.680] (II) No input driver specified, ignoring this device.
[2878362.680] (II) This device may have been added with another device file.
[2878362.680] (II) config/udev: Adding input device Sleep Button (/dev/input/event1)
[2878362.680] (**) Sleep Button: Applying InputClass "libinput keyboard catchall"
[2878362.680] (II) Using input driver 'libinput' for 'Sleep Button'
[2878362.682] (II) systemd-logind: got fd for /dev/input/event1 13:65 fd 25 paused 0
[2878362.682] (**) Sleep Button: always reports core events
[2878362.682] (**) Option "Device" "/dev/input/event1"
[2878362.682] (**) Option "_source" "server/udev"
[2878362.682] (II) event1  - Sleep Button: is tagged by udev as: Keyboard
[2878362.682] (II) event1  - Sleep Button: device is a keyboard
[2878362.682] (II) event1  - Sleep Button: device removed
[2878362.683] (**) Option "config_info" "udev:/sys/devices/LNXSYSTM:00/LNXSYBUS:00/PNP0C0E:00/input/input1/event1"
[2878362.683] (II) XINPUT: Adding extended input device "Sleep Button" (type: KEYBOARD, id 8)
[2878362.683] (**) Option "xkb_model" "pc105"
[2878362.683] (**) Option "xkb_layout" "hu"
[2878362.684] (II) event1  - Sleep Button: is tagged by udev as: Keyboard
[2878362.684] (II) event1  - Sleep Button: device is a keyboard
[2878362.686] (II) config/udev: Adding input device Chicony USB Keyboard (/dev/input/event5)
[2878362.686] (**) Chicony USB Keyboard: Applying InputClass "libinput keyboard catchall"
[2878362.686] (II) Using input driver 'libinput' for 'Chicony USB Keyboard'
[2878362.687] (II) systemd-logind: got fd for /dev/input/event5 13:69 fd 26 paused 0
[2878362.687] (**) Chicony USB Keyboard: always reports core events
[2878362.687] (**) Option "Device" "/dev/input/event5"
[2878362.687] (**) Option "_source" "server/udev"
[2878362.688] (II) event5  - Chicony USB Keyboard: is tagged by udev as: Keyboard
[2878362.688] (II) event5  - Chicony USB Keyboard: device is a keyboard
[2878362.688] (II) event5  - Chicony USB Keyboard: device removed
[2878362.688] (**) Option "config_info" "udev:/sys/devices/pci0000:00/0000:00:1a.0/usb1/1-1/1-1.1/1-1.1:1.0/0003:04F2:0402.0030/input/input62/event5"
[2878362.688] (II) XINPUT: Adding extended input device "Chicony USB Keyboard" (type: KEYBOARD, id 9)
[2878362.688] (**) Option "xkb_model" "pc105"
[2878362.688] (**) Option "xkb_layout" "hu"
[2878362.690] (II) event5  - Chicony USB Keyboard: is tagged by udev as: Keyboard
[2878362.690] (II) event5  - Chicony USB Keyboard: device is a keyboard
[2878362.691] (II) config/udev: Adding input device Chicony USB Keyboard (/dev/input/event16)
[2878362.691] (**) Chicony USB Keyboard: Applying InputClass "libinput keyboard catchall"
[2878362.691] (II) Using input driver 'libinput' for 'Chicony USB Keyboard'
[2878362.692] (II) systemd-logind: got fd for /dev/input/event16 13:80 fd 27 paused 0
[2878362.692] (**) Chicony USB Keyboard: always reports core events
[2878362.692] (**) Option "Device" "/dev/input/event16"
[2878362.692] (**) Option "_source" "server/udev"
[2878362.693] (II) event16 - Chicony USB Keyboard: is tagged by udev as: Keyboard
[2878362.693] (II) event16 - Chicony USB Keyboard: device is a keyboard
[2878362.693] (II) event16 - Chicony USB Keyboard: device removed
[2878362.693] (**) Option "config_info" "udev:/sys/devices/pci0000:00/0000:00:1a.0/usb1/1-1/1-1.1/1-1.1:1.1/0003:04F2:0402.0031/input/input63/event16"
[2878362.693] (II) XINPUT: Adding extended input device "Chicony USB Keyboard" (type: KEYBOARD, id 10)
[2878362.693] (**) Option "xkb_model" "pc105"
[2878362.693] (**) Option "xkb_layout" "hu"
[2878362.695] (II) event16 - Chicony USB Keyboard: is tagged by udev as: Keyboard
[2878362.695] (II) event16 - Chicony USB Keyboard: device is a keyboard
[2878362.696] (II) config/udev: Adding input device Logitech USB-PS/2 Optical Mouse (/dev/input/event4)
[2878362.696] (**) Logitech USB-PS/2 Optical Mouse: Applying InputClass "libinput pointer catchall"
[2878362.696] (II) Using input driver 'libinput' for 'Logitech USB-PS/2 Optical Mouse'
[2878362.756] (II) systemd-logind: got fd for /dev/input/event4 13:68 fd 28 paused 0
[2878362.756] (**) Logitech USB-PS/2 Optical Mouse: always reports core events
[2878362.756] (**) Option "Device" "/dev/input/event4"
[2878362.756] (**) Option "_source" "server/udev"
[2878362.757] (II) event4  - Logitech USB-PS/2 Optical Mouse: is tagged by udev as: Mouse
[2878362.757] (II) event4  - Logitech USB-PS/2 Optical Mouse: device set to 400 DPI
[2878362.757] (II) event4  - Logitech USB-PS/2 Optical Mouse: device is a pointer
[2878362.757] (II) event4  - Logitech USB-PS/2 Optical Mouse: device removed
[2878362.757] (**) Option "config_info" "udev:/sys/devices/pci0000:00/0000:00:1a.0/usb1/1-1/1-1.2/1-1.2:1.0/0003:046D:C03E.002F/input/input61/event4"
[2878362.757] (II) XINPUT: Adding extended input device "Logitech USB-PS/2 Optical Mouse" (type: MOUSE, id 11)
[2878362.758] (**) Option "AccelerationScheme" "none"
[2878362.758] (**) Logitech USB-PS/2 Optical Mouse: (accel) selected scheme none/0
[2878362.758] (**) Logitech USB-PS/2 Optical Mouse: (accel) acceleration factor: 2.000
[2878362.758] (**) Logitech USB-PS/2 Optical Mouse: (accel) acceleration threshold: 4
[2878362.759] (II) event4  - Logitech USB-PS/2 Optical Mouse: is tagged by udev as: Mouse
[2878362.759] (II) event4  - Logitech USB-PS/2 Optical Mouse: device set to 400 DPI
[2878362.759] (II) event4  - Logitech USB-PS/2 Optical Mouse: device is a pointer
[2878362.760] (II) config/udev: Adding input device Logitech USB-PS/2 Optical Mouse (/dev/input/mouse0)
[2878362.760] (II) No input driver specified, ignoring this device.
[2878362.760] (II) This device may have been added with another device file.
[2878362.761] (II) config/udev: Adding input device Integrated Camera: Integrated C (/dev/input/event10)
[2878362.761] (**) Integrated Camera: Integrated C: Applying InputClass "libinput keyboard catchall"
[2878362.761] (II) Using input driver 'libinput' for 'Integrated Camera: Integrated C'
[2878362.762] (II) systemd-logind: got fd for /dev/input/event10 13:74 fd 29 paused 0
[2878362.762] (**) Integrated Camera: Integrated C: always reports core events
[2878362.762] (**) Option "Device" "/dev/input/event10"
[2878362.762] (**) Option "_source" "server/udev"
[2878362.763] (II) event10 - Integrated Camera: Integrated C: is tagged by udev as: Keyboard
[2878362.763] (II) event10 - Integrated Camera: Integrated C: device is a keyboard
[2878362.763] (II) event10 - Integrated Camera: Integrated C: device removed
[2878362.763] (**) Option "config_info" "udev:/sys/devices/pci0000:00/0000:00:1a.0/usb1/1-1/1-1.6/1-1.6:1.0/input/input11/event10"
[2878362.763] (II) XINPUT: Adding extended input device "Integrated Camera: Integrated C" (type: KEYBOARD, id 12)
[2878362.763] (**) Option "xkb_model" "pc105"
[2878362.763] (**) Option "xkb_layout" "hu"
[2878362.764] (II) event10 - Integrated Camera: Integrated C: is tagged by udev as: Keyboard
[2878362.764] (II) event10 - Integrated Camera: Integrated C: device is a keyboard
[2878362.765] (II) config/udev: Adding input device HDA Intel MID Mic (/dev/input/event11)
[2878362.765] (II) No input driver specified, ignoring this device.
[2878362.765] (II) This device may have been added with another device file.
[2878362.766] (II) config/udev: Adding input device HDA Intel MID Dock Mic (/dev/input/event12)
[2878362.766] (II) No input driver specified, ignoring this device.
[2878362.766] (II) This device may have been added with another device file.
[2878362.766] (II) config/udev: Adding input device HDA Intel MID Dock Headphone (/dev/input/event13)
[2878362.766] (II) No input driver specified, ignoring this device.
[2878362.766] (II) This device may have been added with another device file.
[2878362.767] (II) config/udev: Adding input device HDA Intel MID Headphone (/dev/input/event14)
[2878362.767] (II) No input driver specified, ignoring this device.
[2878362.767] (II) This device may have been added with another device file.
[2878362.767] (II) config/udev: Adding input device HDA Intel MID HDMI/DP,pcm=3 (/dev/input/event15)
[2878362.767] (II) No input driver specified, ignoring this device.
[2878362.767] (II) This device may have been added with another device file.
[2878362.768] (II) config/udev: Adding input device AT Translated Set 2 keyboard (/dev/input/event3)
[2878362.768] (**) AT Translated Set 2 keyboard: Applying InputClass "libinput keyboard catchall"
[2878362.768] (II) Using input driver 'libinput' for 'AT Translated Set 2 keyboard'
[2878362.769] (II) systemd-logind: got fd for /dev/input/event3 13:67 fd 30 paused 0
[2878362.769] (**) AT Translated Set 2 keyboard: always reports core events
[2878362.769] (**) Option "Device" "/dev/input/event3"
[2878362.769] (**) Option "_source" "server/udev"
[2878362.770] (II) event3  - AT Translated Set 2 keyboard: is tagged by udev as: Keyboard
[2878362.770] (II) event3  - AT Translated Set 2 keyboard: device is a keyboard
[2878362.770] (II) event3  - AT Translated Set 2 keyboard: device removed
[2878362.770] (**) Option "config_info" "udev:/sys/devices/platform/i8042/serio0/input/input3/event3"
[2878362.770] (II) XINPUT: Adding extended input device "AT Translated Set 2 keyboard" (type: KEYBOARD, id 13)
[2878362.770] (**) Option "xkb_model" "pc105"
[2878362.770] (**) Option "xkb_layout" "hu"
[2878362.771] (II) event3  - AT Translated Set 2 keyboard: is tagged by udev as: Keyboard
[2878362.771] (II) event3  - AT Translated Set 2 keyboard: device is a keyboard
[2878362.772] (II) config/udev: Adding input device SynPS/2 Synaptics TouchPad (/dev/input/event7)
[2878362.772] (**) SynPS/2 Synaptics TouchPad: Applying InputClass "libinput touchpad catchall"
[2878362.772] (II) Using input driver 'libinput' for 'SynPS/2 Synaptics TouchPad'
[2878362.775] (II) systemd-logind: got fd for /dev/input/event7 13:71 fd 31 paused 0
[2878362.775] (**) SynPS/2 Synaptics TouchPad: always reports core events
[2878362.775] (**) Option "Device" "/dev/input/event7"
[2878362.775] (**) Option "_source" "server/udev"
[2878362.776] (II) event7  - SynPS/2 Synaptics TouchPad: is tagged by udev as: Touchpad
[2878362.777] (II) event7  - SynPS/2 Synaptics TouchPad: device is a touchpad
[2878362.777] (II) event7  - SynPS/2 Synaptics TouchPad: device removed
[2878362.777] (**) Option "config_info" "udev:/sys/devices/platform/i8042/serio1/input/input5/event7"
[2878362.777] (II) XINPUT: Adding extended input device "SynPS/2 Synaptics TouchPad" (type: TOUCHPAD, id 14)
[2878362.777] (**) Option "AccelerationScheme" "none"
[2878362.777] (**) SynPS/2 Synaptics TouchPad: (accel) selected scheme none/0
[2878362.777] (**) SynPS/2 Synaptics TouchPad: (accel) acceleration factor: 2.000
[2878362.777] (**) SynPS/2 Synaptics TouchPad: (accel) acceleration threshold: 4
[2878362.778] (II) event7  - SynPS/2 Synaptics TouchPad: is tagged by udev as: Touchpad
[2878362.778] (II) event7  - SynPS/2 Synaptics TouchPad: device is a touchpad
[2878362.778] (II) config/udev: Adding input device SynPS/2 Synaptics TouchPad (/dev/input/mouse1)
[2878362.779] (II) No input driver specified, ignoring this device.
[2878362.779] (II) This device may have been added with another device file.
[2878362.779] (II) config/udev: Adding input device TPPS/2 IBM TrackPoint (/dev/input/event8)
[2878362.779] (**) TPPS/2 IBM TrackPoint: Applying InputClass "libinput pointer catchall"
[2878362.779] (II) Using input driver 'libinput' for 'TPPS/2 IBM TrackPoint'
[2878362.781] (II) systemd-logind: got fd for /dev/input/event8 13:72 fd 32 paused 0
[2878362.781] (**) TPPS/2 IBM TrackPoint: always reports core events
[2878362.781] (**) Option "Device" "/dev/input/event8"
[2878362.781] (**) Option "_source" "server/udev"
[2878362.782] (II) event8  - TPPS/2 IBM TrackPoint: is tagged by udev as: Mouse Pointingstick
[2878362.782] (II) event8  - TPPS/2 IBM TrackPoint: trackpoint device set to range 31
[2878362.782] (II) event8  - TPPS/2 IBM TrackPoint: device is a pointer
[2878362.782] (II) event8  - TPPS/2 IBM TrackPoint: device removed
[2878362.782] (**) Option "config_info" "udev:/sys/devices/platform/i8042/serio1/serio2/input/input9/event8"
[2878362.782] (II) XINPUT: Adding extended input device "TPPS/2 IBM TrackPoint" (type: MOUSE, id 15)
[2878362.782] (**) Option "AccelerationScheme" "none"
[2878362.783] (**) TPPS/2 IBM TrackPoint: (accel) selected scheme none/0
[2878362.783] (**) TPPS/2 IBM TrackPoint: (accel) acceleration factor: 2.000
[2878362.783] (**) TPPS/2 IBM TrackPoint: (accel) acceleration threshold: 4
[2878362.783] (II) event8  - TPPS/2 IBM TrackPoint: is tagged by udev as: Mouse Pointingstick
[2878362.783] (II) event8  - TPPS/2 IBM TrackPoint: trackpoint device set to range 31
[2878362.783] (II) event8  - TPPS/2 IBM TrackPoint: device is a pointer
[2878362.784] (II) config/udev: Adding input device TPPS/2 IBM TrackPoint (/dev/input/mouse2)
[2878362.784] (II) No input driver specified, ignoring this device.
[2878362.784] (II) This device may have been added with another device file.
[2878362.789] (II) config/udev: Adding input device ThinkPad Extra Buttons (/dev/input/event9)
[2878362.789] (**) ThinkPad Extra Buttons: Applying InputClass "libinput keyboard catchall"
[2878362.789] (II) Using input driver 'libinput' for 'ThinkPad Extra Buttons'
[2878362.790] (II) systemd-logind: got fd for /dev/input/event9 13:73 fd 33 paused 0
[2878362.790] (**) ThinkPad Extra Buttons: always reports core events
[2878362.790] (**) Option "Device" "/dev/input/event9"
[2878362.790] (**) Option "_source" "server/udev"
[2878362.791] (II) event9  - ThinkPad Extra Buttons: is tagged by udev as: Keyboard Switch
[2878362.791] (II) event9  - ThinkPad Extra Buttons: device is a keyboard
[2878362.791] (II) event9  - ThinkPad Extra Buttons: device is a switch device
[2878362.791] (II) event9  - ThinkPad Extra Buttons: device removed
[2878362.791] (**) Option "config_info" "udev:/sys/devices/platform/thinkpad_acpi/input/input10/event9"
[2878362.791] (II) XINPUT: Adding extended input device "ThinkPad Extra Buttons" (type: KEYBOARD, id 16)
[2878362.791] (**) Option "xkb_model" "pc105"
[2878362.791] (**) Option "xkb_layout" "hu"
[2878362.791] (II) event9  - ThinkPad Extra Buttons: is tagged by udev as: Keyboard Switch
[2878362.791] (II) event9  - ThinkPad Extra Buttons: device is a keyboard
[2878362.791] (II) event9  - ThinkPad Extra Buttons: device is a switch device
[2878363.723] (II) modeset(0): EDID vendor "LEN", prod id 16401
[2878363.723] (II) modeset(0): Printing DDC gathered Modelines:
[2878363.723] (II) modeset(0): Modeline "1280x800"x0.0   69.30  1280 1328 1360 1403  800 803 809 821 -hsync -vsync (49.4 kHz eP)
[2878363.723] (II) modeset(0): Modeline "1280x800"x0.0   57.59  1280 1328 1360 1403  800 803 809 821 -hsync -vsync (41.0 kHz e)
[2878363.790] (II) modeset(0): EDID vendor "LEN", prod id 16401
[2878363.790] (II) modeset(0): Printing DDC gathered Modelines:
[2878363.790] (II) modeset(0): Modeline "1280x800"x0.0   69.30  1280 1328 1360 1403  800 803 809 821 -hsync -vsync (49.4 kHz eP)
[2878363.790] (II) modeset(0): Modeline "1280x800"x0.0   57.59  1280 1328 1360 1403  800 803 809 821 -hsync -vsync (41.0 kHz e)
[2878366.976] (II) modeset(0): EDID vendor "LEN", prod id 16401
[2878366.977] (II) modeset(0): Printing DDC gathered Modelines:
[2878366.977] (II) modeset(0): Modeline "1280x800"x0.0   69.30  1280 1328 1360 1403  800 803 809 821 -hsync -vsync (49.4 kHz eP)
[2878366.977] (II) modeset(0): Modeline "1280x800"x0.0   57.59  1280 1328 1360 1403  800 803 809 821 -hsync -vsync (41.0 kHz e)
[2878367.057] (II) modeset(0): EDID vendor "LEN", prod id 16401
[2878367.057] (II) modeset(0): Printing DDC gathered Modelines:
[2878367.057] (II) modeset(0): Modeline "1280x800"x0.0   69.30  1280 1328 1360 1403  800 803 809 821 -hsync -vsync (49.4 kHz eP)
[2878367.057] (II) modeset(0): Modeline "1280x800"x0.0   57.59  1280 1328 1360 1403  800 803 809 821 -hsync -vsync (41.0 kHz e)
[2878373.760] (II) modeset(0): EDID vendor "LEN", prod id 16401
[2878373.760] (II) modeset(0): Printing DDC gathered Modelines:
[2878373.760] (II) modeset(0): Modeline "1280x800"x0.0   69.30  1280 1328 1360 1403  800 803 809 821 -hsync -vsync (49.4 kHz eP)
[2878373.760] (II) modeset(0): Modeline "1280x800"x0.0   57.59  1280 1328 1360 1403  800 803 809 821 -hsync -vsync (41.0 kHz e)
[2878414.344] (II) modeset(0): EDID vendor "LEN", prod id 16401
[2878414.344] (II) modeset(0): Printing DDC gathered Modelines:
[2878414.344] (II) modeset(0): Modeline "1280x800"x0.0   69.30  1280 1328 1360 1403  800 803 809 821 -hsync -vsync (49.4 kHz eP)
[2878414.344] (II) modeset(0): Modeline "1280x800"x0.0   57.59  1280 1328 1360 1403  800 803 809 821 -hsync -vsync (41.0 kHz e)
[2878414.416] (II) modeset(0): EDID vendor "LEN", prod id 16401
[2878414.416] (II) modeset(0): Printing DDC gathered Modelines:
[2878414.416] (II) modeset(0): Modeline "1280x800"x0.0   69.30  1280 1328 1360 1403  800 803 809 821 -hsync -vsync (49.4 kHz eP)
[2878414.416] (II) modeset(0): Modeline "1280x800"x0.0   57.59  1280 1328 1360 1403  800 803 809 821 -hsync -vsync (41.0 kHz e)
[2879670.555] (II) modeset(0): EDID vendor "LEN", prod id 16401
[2879670.555] (II) modeset(0): Printing DDC gathered Modelines:
[2879670.555] (II) modeset(0): Modeline "1280x800"x0.0   69.30  1280 1328 1360 1403  800 803 809 821 -hsync -vsync (49.4 kHz eP)
[2879670.555] (II) modeset(0): Modeline "1280x800"x0.0   57.59  1280 1328 1360 1403  800 803 809 821 -hsync -vsync (41.0 kHz e)
[2879670.628] (II) modeset(0): EDID vendor "LEN", prod id 16401
[2879670.628] (II) modeset(0): Printing DDC gathered Modelines:
[2879670.628] (II) modeset(0): Modeline "1280x800"x0.0   69.30  1280 1328 1360 1403  800 803 809 821 -hsync -vsync (49.4 kHz eP)
[2879670.628] (II) modeset(0): Modeline "1280x800"x0.0   57.59  1280 1328 1360 1403  800 803 809 821 -hsync -vsync (41.0 kHz e)
